  0%|          | 0/1 [00:00<?, ?it/s]  0%|          | 0/1 [00:00<?, ?it/s]/trinity/home/skatz/miniconda3/envs/env_chemspace_slurm_v2/lib/python3.11/site-packages/Bio/PDB/StructureBuilder.py:100: PDBConstructionWarning: WARNING: Chain A is discontinuous at line 2571.
  warnings.warn(
/trinity/home/skatz/miniconda3/envs/env_chemspace_slurm_v2/lib/python3.11/site-packages/Bio/PDB/StructureBuilder.py:100: PDBConstructionWarning: WARNING: Chain B is discontinuous at line 2707.
  warnings.warn(
100%|██████████| 1/1 [00:00<00:00, 26.73it/s]
/trinity/home/skatz/miniconda3/envs/env_chemspace_slurm_v2/lib/python3.11/site-packages/torch/jit/_check.py:177: UserWarning: The TorchScript type system doesn't support instance-level annotations on empty non-base types in `__init__`. Instead, either 1) use a type annotation in the class body, or 2) wrap the type in `torch.jit.Attribute`.
  warnings.warn(
/trinity/home/skatz/miniconda3/envs/env_chemspace_slurm_v2/lib/python3.11/site-packages/torch/jit/_check.py:177: UserWarning: The TorchScript type system doesn't support instance-level annotations on empty non-base types in `__init__`. Instead, either 1) use a type annotation in the class body, or 2) wrap the type in `torch.jit.Attribute`.
  warnings.warn(
/trinity/home/skatz/miniconda3/envs/env_chemspace_slurm_v2/lib/python3.11/site-packages/torch/jit/_check.py:177: UserWarning: The TorchScript type system doesn't support instance-level annotations on empty non-base types in `__init__`. Instead, either 1) use a type annotation in the class body, or 2) wrap the type in `torch.jit.Attribute`.
  warnings.warn(
/trinity/home/skatz/miniconda3/envs/env_chemspace_slurm_v2/lib/python3.11/site-packages/torch/jit/_check.py:177: UserWarning: The TorchScript type system doesn't support instance-level annotations on empty non-base types in `__init__`. Instead, either 1) use a type annotation in the class body, or 2) wrap the type in `torch.jit.Attribute`.
  warnings.warn(
/trinity/home/skatz/miniconda3/envs/env_chemspace_slurm_v2/lib/python3.11/site-packages/torch/jit/_check.py:177: UserWarning: The TorchScript type system doesn't support instance-level annotations on empty non-base types in `__init__`. Instead, either 1) use a type annotation in the class body, or 2) wrap the type in `torch.jit.Attribute`.
  warnings.warn(
/trinity/home/skatz/miniconda3/envs/env_chemspace_slurm_v2/lib/python3.11/site-packages/torch/jit/_check.py:177: UserWarning: The TorchScript type system doesn't support instance-level annotations on empty non-base types in `__init__`. Instead, either 1) use a type annotation in the class body, or 2) wrap the type in `torch.jit.Attribute`.
  warnings.warn(
/trinity/home/skatz/miniconda3/envs/env_chemspace_slurm_v2/lib/python3.11/site-packages/torch/jit/_check.py:177: UserWarning: The TorchScript type system doesn't support instance-level annotations on empty non-base types in `__init__`. Instead, either 1) use a type annotation in the class body, or 2) wrap the type in `torch.jit.Attribute`.
  warnings.warn(
/trinity/home/skatz/miniconda3/envs/env_chemspace_slurm_v2/lib/python3.11/site-packages/torch/jit/_check.py:177: UserWarning: The TorchScript type system doesn't support instance-level annotations on empty non-base types in `__init__`. Instead, either 1) use a type annotation in the class body, or 2) wrap the type in `torch.jit.Attribute`.
  warnings.warn(
/trinity/home/skatz/miniconda3/envs/env_chemspace_slurm_v2/lib/python3.11/site-packages/torch/jit/_check.py:177: UserWarning: The TorchScript type system doesn't support instance-level annotations on empty non-base types in `__init__`. Instead, either 1) use a type annotation in the class body, or 2) wrap the type in `torch.jit.Attribute`.
  warnings.warn(
/trinity/home/skatz/miniconda3/envs/env_chemspace_slurm_v2/lib/python3.11/site-packages/torch/jit/_check.py:177: UserWarning: The TorchScript type system doesn't support instance-level annotations on empty non-base types in `__init__`. Instead, either 1) use a type annotation in the class body, or 2) wrap the type in `torch.jit.Attribute`.
  warnings.warn(
/trinity/home/skatz/miniconda3/envs/env_chemspace_slurm_v2/lib/python3.11/site-packages/torch/jit/_check.py:177: UserWarning: The TorchScript type system doesn't support instance-level annotations on empty non-base types in `__init__`. Instead, either 1) use a type annotation in the class body, or 2) wrap the type in `torch.jit.Attribute`.
  warnings.warn(
/trinity/home/skatz/miniconda3/envs/env_chemspace_slurm_v2/lib/python3.11/site-packages/torch/jit/_check.py:177: UserWarning: The TorchScript type system doesn't support instance-level annotations on empty non-base types in `__init__`. Instead, either 1) use a type annotation in the class body, or 2) wrap the type in `torch.jit.Attribute`.
  warnings.warn(
/trinity/home/skatz/miniconda3/envs/env_chemspace_slurm_v2/lib/python3.11/site-packages/torch/jit/_check.py:177: UserWarning: The TorchScript type system doesn't support instance-level annotations on empty non-base types in `__init__`. Instead, either 1) use a type annotation in the class body, or 2) wrap the type in `torch.jit.Attribute`.
  warnings.warn(
/trinity/home/skatz/miniconda3/envs/env_chemspace_slurm_v2/lib/python3.11/site-packages/torch/jit/_check.py:177: UserWarning: The TorchScript type system doesn't support instance-level annotations on empty non-base types in `__init__`. Instead, either 1) use a type annotation in the class body, or 2) wrap the type in `torch.jit.Attribute`.
  warnings.warn(
/trinity/home/skatz/miniconda3/envs/env_chemspace_slurm_v2/lib/python3.11/site-packages/torch/jit/_check.py:177: UserWarning: The TorchScript type system doesn't support instance-level annotations on empty non-base types in `__init__`. Instead, either 1) use a type annotation in the class body, or 2) wrap the type in `torch.jit.Attribute`.
  warnings.warn(
/trinity/home/skatz/miniconda3/envs/env_chemspace_slurm_v2/lib/python3.11/site-packages/torch/jit/_check.py:177: UserWarning: The TorchScript type system doesn't support instance-level annotations on empty non-base types in `__init__`. Instead, either 1) use a type annotation in the class body, or 2) wrap the type in `torch.jit.Attribute`.
  warnings.warn(
/trinity/home/skatz/miniconda3/envs/env_chemspace_slurm_v2/lib/python3.11/site-packages/torch/jit/_check.py:177: UserWarning: The TorchScript type system doesn't support instance-level annotations on empty non-base types in `__init__`. Instead, either 1) use a type annotation in the class body, or 2) wrap the type in `torch.jit.Attribute`.
  warnings.warn(
/trinity/home/skatz/miniconda3/envs/env_chemspace_slurm_v2/lib/python3.11/site-packages/torch/jit/_check.py:177: UserWarning: The TorchScript type system doesn't support instance-level annotations on empty non-base types in `__init__`. Instead, either 1) use a type annotation in the class body, or 2) wrap the type in `torch.jit.Attribute`.
  warnings.warn(
/trinity/home/skatz/miniconda3/envs/env_chemspace_slurm_v2/lib/python3.11/site-packages/torch/jit/_check.py:177: UserWarning: The TorchScript type system doesn't support instance-level annotations on empty non-base types in `__init__`. Instead, either 1) use a type annotation in the class body, or 2) wrap the type in `torch.jit.Attribute`.
  warnings.warn(
/trinity/home/skatz/miniconda3/envs/env_chemspace_slurm_v2/lib/python3.11/site-packages/torch/jit/_check.py:177: UserWarning: The TorchScript type system doesn't support instance-level annotations on empty non-base types in `__init__`. Instead, either 1) use a type annotation in the class body, or 2) wrap the type in `torch.jit.Attribute`.
  warnings.warn(
/trinity/home/skatz/miniconda3/envs/env_chemspace_slurm_v2/lib/python3.11/site-packages/torch/jit/_check.py:177: UserWarning: The TorchScript type system doesn't support instance-level annotations on empty non-base types in `__init__`. Instead, either 1) use a type annotation in the class body, or 2) wrap the type in `torch.jit.Attribute`.
  warnings.warn(
/trinity/home/skatz/miniconda3/envs/env_chemspace_slurm_v2/lib/python3.11/site-packages/torch/jit/_check.py:177: UserWarning: The TorchScript type system doesn't support instance-level annotations on empty non-base types in `__init__`. Instead, either 1) use a type annotation in the class body, or 2) wrap the type in `torch.jit.Attribute`.
  warnings.warn(
/trinity/home/skatz/miniconda3/envs/env_chemspace_slurm_v2/lib/python3.11/site-packages/torch/jit/_check.py:177: UserWarning: The TorchScript type system doesn't support instance-level annotations on empty non-base types in `__init__`. Instead, either 1) use a type annotation in the class body, or 2) wrap the type in `torch.jit.Attribute`.
  warnings.warn(
/trinity/home/skatz/miniconda3/envs/env_chemspace_slurm_v2/lib/python3.11/site-packages/torch/jit/_check.py:177: UserWarning: The TorchScript type system doesn't support instance-level annotations on empty non-base types in `__init__`. Instead, either 1) use a type annotation in the class body, or 2) wrap the type in `torch.jit.Attribute`.
  warnings.warn(
/trinity/home/skatz/miniconda3/envs/env_chemspace_slurm_v2/lib/python3.11/site-packages/torch/jit/_check.py:177: UserWarning: The TorchScript type system doesn't support instance-level annotations on empty non-base types in `__init__`. Instead, either 1) use a type annotation in the class body, or 2) wrap the type in `torch.jit.Attribute`.
  warnings.warn(
/trinity/home/skatz/miniconda3/envs/env_chemspace_slurm_v2/lib/python3.11/site-packages/torch/jit/_check.py:177: UserWarning: The TorchScript type system doesn't support instance-level annotations on empty non-base types in `__init__`. Instead, either 1) use a type annotation in the class body, or 2) wrap the type in `torch.jit.Attribute`.
  warnings.warn(
/trinity/home/skatz/miniconda3/envs/env_chemspace_slurm_v2/lib/python3.11/site-packages/torch/jit/_check.py:177: UserWarning: The TorchScript type system doesn't support instance-level annotations on empty non-base types in `__init__`. Instead, either 1) use a type annotation in the class body, or 2) wrap the type in `torch.jit.Attribute`.
  warnings.warn(
/trinity/home/skatz/miniconda3/envs/env_chemspace_slurm_v2/lib/python3.11/site-packages/torch/jit/_check.py:177: UserWarning: The TorchScript type system doesn't support instance-level annotations on empty non-base types in `__init__`. Instead, either 1) use a type annotation in the class body, or 2) wrap the type in `torch.jit.Attribute`.
  warnings.warn(
/trinity/home/skatz/miniconda3/envs/env_chemspace_slurm_v2/lib/python3.11/site-packages/torch/jit/_check.py:177: UserWarning: The TorchScript type system doesn't support instance-level annotations on empty non-base types in `__init__`. Instead, either 1) use a type annotation in the class body, or 2) wrap the type in `torch.jit.Attribute`.
  warnings.warn(
/trinity/home/skatz/miniconda3/envs/env_chemspace_slurm_v2/lib/python3.11/site-packages/torch/jit/_check.py:177: UserWarning: The TorchScript type system doesn't support instance-level annotations on empty non-base types in `__init__`. Instead, either 1) use a type annotation in the class body, or 2) wrap the type in `torch.jit.Attribute`.
  warnings.warn(
/trinity/home/skatz/miniconda3/envs/env_chemspace_slurm_v2/lib/python3.11/site-packages/torch/jit/_check.py:177: UserWarning: The TorchScript type system doesn't support instance-level annotations on empty non-base types in `__init__`. Instead, either 1) use a type annotation in the class body, or 2) wrap the type in `torch.jit.Attribute`.
  warnings.warn(
/trinity/home/skatz/miniconda3/envs/env_chemspace_slurm_v2/lib/python3.11/site-packages/torch/jit/_check.py:177: UserWarning: The TorchScript type system doesn't support instance-level annotations on empty non-base types in `__init__`. Instead, either 1) use a type annotation in the class body, or 2) wrap the type in `torch.jit.Attribute`.
  warnings.warn(
/trinity/home/skatz/miniconda3/envs/env_chemspace_slurm_v2/lib/python3.11/site-packages/torch/jit/_check.py:177: UserWarning: The TorchScript type system doesn't support instance-level annotations on empty non-base types in `__init__`. Instead, either 1) use a type annotation in the class body, or 2) wrap the type in `torch.jit.Attribute`.
  warnings.warn(
/trinity/home/skatz/miniconda3/envs/env_chemspace_slurm_v2/lib/python3.11/site-packages/torch/jit/_check.py:177: UserWarning: The TorchScript type system doesn't support instance-level annotations on empty non-base types in `__init__`. Instead, either 1) use a type annotation in the class body, or 2) wrap the type in `torch.jit.Attribute`.
  warnings.warn(
/trinity/home/skatz/miniconda3/envs/env_chemspace_slurm_v2/lib/python3.11/site-packages/torch/jit/_check.py:177: UserWarning: The TorchScript type system doesn't support instance-level annotations on empty non-base types in `__init__`. Instead, either 1) use a type annotation in the class body, or 2) wrap the type in `torch.jit.Attribute`.
  warnings.warn(
/trinity/home/skatz/miniconda3/envs/env_chemspace_slurm_v2/lib/python3.11/site-packages/torch/jit/_check.py:177: UserWarning: The TorchScript type system doesn't support instance-level annotations on empty non-base types in `__init__`. Instead, either 1) use a type annotation in the class body, or 2) wrap the type in `torch.jit.Attribute`.
  warnings.warn(
/trinity/home/skatz/miniconda3/envs/env_chemspace_slurm_v2/lib/python3.11/site-packages/torch/jit/_check.py:177: UserWarning: The TorchScript type system doesn't support instance-level annotations on empty non-base types in `__init__`. Instead, either 1) use a type annotation in the class body, or 2) wrap the type in `torch.jit.Attribute`.
  warnings.warn(
/trinity/home/skatz/miniconda3/envs/env_chemspace_slurm_v2/lib/python3.11/site-packages/torch/jit/_check.py:177: UserWarning: The TorchScript type system doesn't support instance-level annotations on empty non-base types in `__init__`. Instead, either 1) use a type annotation in the class body, or 2) wrap the type in `torch.jit.Attribute`.
  warnings.warn(
/trinity/home/skatz/miniconda3/envs/env_chemspace_slurm_v2/lib/python3.11/site-packages/torch/jit/_check.py:177: UserWarning: The TorchScript type system doesn't support instance-level annotations on empty non-base types in `__init__`. Instead, either 1) use a type annotation in the class body, or 2) wrap the type in `torch.jit.Attribute`.
  warnings.warn(
/trinity/home/skatz/miniconda3/envs/env_chemspace_slurm_v2/lib/python3.11/site-packages/torch/jit/_check.py:177: UserWarning: The TorchScript type system doesn't support instance-level annotations on empty non-base types in `__init__`. Instead, either 1) use a type annotation in the class body, or 2) wrap the type in `torch.jit.Attribute`.
  warnings.warn(
/trinity/home/skatz/miniconda3/envs/env_chemspace_slurm_v2/lib/python3.11/site-packages/torch/jit/_check.py:177: UserWarning: The TorchScript type system doesn't support instance-level annotations on empty non-base types in `__init__`. Instead, either 1) use a type annotation in the class body, or 2) wrap the type in `torch.jit.Attribute`.
  warnings.warn(
/trinity/home/skatz/miniconda3/envs/env_chemspace_slurm_v2/lib/python3.11/site-packages/torch/jit/_check.py:177: UserWarning: The TorchScript type system doesn't support instance-level annotations on empty non-base types in `__init__`. Instead, either 1) use a type annotation in the class body, or 2) wrap the type in `torch.jit.Attribute`.
  warnings.warn(
/trinity/home/skatz/miniconda3/envs/env_chemspace_slurm_v2/lib/python3.11/site-packages/torch/jit/_check.py:177: UserWarning: The TorchScript type system doesn't support instance-level annotations on empty non-base types in `__init__`. Instead, either 1) use a type annotation in the class body, or 2) wrap the type in `torch.jit.Attribute`.
  warnings.warn(
/trinity/home/skatz/miniconda3/envs/env_chemspace_slurm_v2/lib/python3.11/site-packages/torch/jit/_check.py:177: UserWarning: The TorchScript type system doesn't support instance-level annotations on empty non-base types in `__init__`. Instead, either 1) use a type annotation in the class body, or 2) wrap the type in `torch.jit.Attribute`.
  warnings.warn(
/trinity/home/skatz/miniconda3/envs/env_chemspace_slurm_v2/lib/python3.11/site-packages/torch/jit/_check.py:177: UserWarning: The TorchScript type system doesn't support instance-level annotations on empty non-base types in `__init__`. Instead, either 1) use a type annotation in the class body, or 2) wrap the type in `torch.jit.Attribute`.
  warnings.warn(
/trinity/home/skatz/miniconda3/envs/env_chemspace_slurm_v2/lib/python3.11/site-packages/torch/jit/_check.py:177: UserWarning: The TorchScript type system doesn't support instance-level annotations on empty non-base types in `__init__`. Instead, either 1) use a type annotation in the class body, or 2) wrap the type in `torch.jit.Attribute`.
  warnings.warn(
/trinity/home/skatz/miniconda3/envs/env_chemspace_slurm_v2/lib/python3.11/site-packages/torch/jit/_check.py:177: UserWarning: The TorchScript type system doesn't support instance-level annotations on empty non-base types in `__init__`. Instead, either 1) use a type annotation in the class body, or 2) wrap the type in `torch.jit.Attribute`.
  warnings.warn(
/trinity/home/skatz/miniconda3/envs/env_chemspace_slurm_v2/lib/python3.11/site-packages/torch/jit/_check.py:177: UserWarning: The TorchScript type system doesn't support instance-level annotations on empty non-base types in `__init__`. Instead, either 1) use a type annotation in the class body, or 2) wrap the type in `torch.jit.Attribute`.
  warnings.warn(
/trinity/home/skatz/miniconda3/envs/env_chemspace_slurm_v2/lib/python3.11/site-packages/torch/jit/_check.py:177: UserWarning: The TorchScript type system doesn't support instance-level annotations on empty non-base types in `__init__`. Instead, either 1) use a type annotation in the class body, or 2) wrap the type in `torch.jit.Attribute`.
  warnings.warn(
/trinity/home/skatz/miniconda3/envs/env_chemspace_slurm_v2/lib/python3.11/site-packages/torch/jit/_check.py:177: UserWarning: The TorchScript type system doesn't support instance-level annotations on empty non-base types in `__init__`. Instead, either 1) use a type annotation in the class body, or 2) wrap the type in `torch.jit.Attribute`.
  warnings.warn(
/trinity/home/skatz/miniconda3/envs/env_chemspace_slurm_v2/lib/python3.11/site-packages/torch/jit/_check.py:177: UserWarning: The TorchScript type system doesn't support instance-level annotations on empty non-base types in `__init__`. Instead, either 1) use a type annotation in the class body, or 2) wrap the type in `torch.jit.Attribute`.
  warnings.warn(
/trinity/home/skatz/miniconda3/envs/env_chemspace_slurm_v2/lib/python3.11/site-packages/torch/jit/_check.py:177: UserWarning: The TorchScript type system doesn't support instance-level annotations on empty non-base types in `__init__`. Instead, either 1) use a type annotation in the class body, or 2) wrap the type in `torch.jit.Attribute`.
  warnings.warn(
/trinity/home/skatz/miniconda3/envs/env_chemspace_slurm_v2/lib/python3.11/site-packages/torch/jit/_check.py:177: UserWarning: The TorchScript type system doesn't support instance-level annotations on empty non-base types in `__init__`. Instead, either 1) use a type annotation in the class body, or 2) wrap the type in `torch.jit.Attribute`.
  warnings.warn(
/trinity/home/skatz/miniconda3/envs/env_chemspace_slurm_v2/lib/python3.11/site-packages/torch/jit/_check.py:177: UserWarning: The TorchScript type system doesn't support instance-level annotations on empty non-base types in `__init__`. Instead, either 1) use a type annotation in the class body, or 2) wrap the type in `torch.jit.Attribute`.
  warnings.warn(
/trinity/home/skatz/miniconda3/envs/env_chemspace_slurm_v2/lib/python3.11/site-packages/torch/jit/_check.py:177: UserWarning: The TorchScript type system doesn't support instance-level annotations on empty non-base types in `__init__`. Instead, either 1) use a type annotation in the class body, or 2) wrap the type in `torch.jit.Attribute`.
  warnings.warn(
/trinity/home/skatz/miniconda3/envs/env_chemspace_slurm_v2/lib/python3.11/site-packages/torch/jit/_check.py:177: UserWarning: The TorchScript type system doesn't support instance-level annotations on empty non-base types in `__init__`. Instead, either 1) use a type annotation in the class body, or 2) wrap the type in `torch.jit.Attribute`.
  warnings.warn(
/trinity/home/skatz/miniconda3/envs/env_chemspace_slurm_v2/lib/python3.11/site-packages/torch/jit/_check.py:177: UserWarning: The TorchScript type system doesn't support instance-level annotations on empty non-base types in `__init__`. Instead, either 1) use a type annotation in the class body, or 2) wrap the type in `torch.jit.Attribute`.
  warnings.warn(
/trinity/home/skatz/miniconda3/envs/env_chemspace_slurm_v2/lib/python3.11/site-packages/torch/jit/_check.py:177: UserWarning: The TorchScript type system doesn't support instance-level annotations on empty non-base types in `__init__`. Instead, either 1) use a type annotation in the class body, or 2) wrap the type in `torch.jit.Attribute`.
  warnings.warn(
/trinity/home/skatz/miniconda3/envs/env_chemspace_slurm_v2/lib/python3.11/site-packages/torch/jit/_check.py:177: UserWarning: The TorchScript type system doesn't support instance-level annotations on empty non-base types in `__init__`. Instead, either 1) use a type annotation in the class body, or 2) wrap the type in `torch.jit.Attribute`.
  warnings.warn(
/trinity/home/skatz/miniconda3/envs/env_chemspace_slurm_v2/lib/python3.11/site-packages/torch/jit/_check.py:177: UserWarning: The TorchScript type system doesn't support instance-level annotations on empty non-base types in `__init__`. Instead, either 1) use a type annotation in the class body, or 2) wrap the type in `torch.jit.Attribute`.
  warnings.warn(
/trinity/home/skatz/miniconda3/envs/env_chemspace_slurm_v2/lib/python3.11/site-packages/torch/jit/_check.py:177: UserWarning: The TorchScript type system doesn't support instance-level annotations on empty non-base types in `__init__`. Instead, either 1) use a type annotation in the class body, or 2) wrap the type in `torch.jit.Attribute`.
  warnings.warn(
/trinity/home/skatz/miniconda3/envs/env_chemspace_slurm_v2/lib/python3.11/site-packages/torch/jit/_check.py:177: UserWarning: The TorchScript type system doesn't support instance-level annotations on empty non-base types in `__init__`. Instead, either 1) use a type annotation in the class body, or 2) wrap the type in `torch.jit.Attribute`.
  warnings.warn(
/trinity/home/skatz/miniconda3/envs/env_chemspace_slurm_v2/lib/python3.11/site-packages/torch/jit/_check.py:177: UserWarning: The TorchScript type system doesn't support instance-level annotations on empty non-base types in `__init__`. Instead, either 1) use a type annotation in the class body, or 2) wrap the type in `torch.jit.Attribute`.
  warnings.warn(
/trinity/home/skatz/miniconda3/envs/env_chemspace_slurm_v2/lib/python3.11/site-packages/torch/jit/_check.py:177: UserWarning: The TorchScript type system doesn't support instance-level annotations on empty non-base types in `__init__`. Instead, either 1) use a type annotation in the class body, or 2) wrap the type in `torch.jit.Attribute`.
  warnings.warn(
/trinity/home/skatz/miniconda3/envs/env_chemspace_slurm_v2/lib/python3.11/site-packages/torch/jit/_check.py:177: UserWarning: The TorchScript type system doesn't support instance-level annotations on empty non-base types in `__init__`. Instead, either 1) use a type annotation in the class body, or 2) wrap the type in `torch.jit.Attribute`.
  warnings.warn(
/trinity/home/skatz/miniconda3/envs/env_chemspace_slurm_v2/lib/python3.11/site-packages/torch/jit/_check.py:177: UserWarning: The TorchScript type system doesn't support instance-level annotations on empty non-base types in `__init__`. Instead, either 1) use a type annotation in the class body, or 2) wrap the type in `torch.jit.Attribute`.
  warnings.warn(
/trinity/home/skatz/miniconda3/envs/env_chemspace_slurm_v2/lib/python3.11/site-packages/torch/jit/_check.py:177: UserWarning: The TorchScript type system doesn't support instance-level annotations on empty non-base types in `__init__`. Instead, either 1) use a type annotation in the class body, or 2) wrap the type in `torch.jit.Attribute`.
  warnings.warn(
/trinity/home/skatz/miniconda3/envs/env_chemspace_slurm_v2/lib/python3.11/site-packages/torch/jit/_check.py:177: UserWarning: The TorchScript type system doesn't support instance-level annotations on empty non-base types in `__init__`. Instead, either 1) use a type annotation in the class body, or 2) wrap the type in `torch.jit.Attribute`.
  warnings.warn(
/trinity/home/skatz/miniconda3/envs/env_chemspace_slurm_v2/lib/python3.11/site-packages/torch/jit/_check.py:177: UserWarning: The TorchScript type system doesn't support instance-level annotations on empty non-base types in `__init__`. Instead, either 1) use a type annotation in the class body, or 2) wrap the type in `torch.jit.Attribute`.
  warnings.warn(
/trinity/home/skatz/miniconda3/envs/env_chemspace_slurm_v2/lib/python3.11/site-packages/torch/jit/_check.py:177: UserWarning: The TorchScript type system doesn't support instance-level annotations on empty non-base types in `__init__`. Instead, either 1) use a type annotation in the class body, or 2) wrap the type in `torch.jit.Attribute`.
  warnings.warn(
/trinity/home/skatz/miniconda3/envs/env_chemspace_slurm_v2/lib/python3.11/site-packages/torch/jit/_check.py:177: UserWarning: The TorchScript type system doesn't support instance-level annotations on empty non-base types in `__init__`. Instead, either 1) use a type annotation in the class body, or 2) wrap the type in `torch.jit.Attribute`.
  warnings.warn(
/trinity/home/skatz/miniconda3/envs/env_chemspace_slurm_v2/lib/python3.11/site-packages/torch/jit/_check.py:177: UserWarning: The TorchScript type system doesn't support instance-level annotations on empty non-base types in `__init__`. Instead, either 1) use a type annotation in the class body, or 2) wrap the type in `torch.jit.Attribute`.
  warnings.warn(
0it [00:00, ?it/s]1it [00:34, 34.10s/it]1it [00:34, 34.10s/it]
  0%|          | 0/1 [01:15<?, ?it/s]
Traceback (most recent call last):
  File "/trinity/home/skatz/miniconda3/envs/env_chemspace_slurm_v2/lib/python3.11/shutil.py", line 853, in move
    os.rename(src, real_dst)
FileNotFoundError: [Errno 2] No such file or directory: '/trinity/home/skatz/PROJECTS/ChemSpaceAL-slurm/content/DiffDock/results/user_predictions_small/index0_-trinity-home-skatz-PROJECTS-ChemSpaceAL-slurm-results-fullIter-4_Scoring-binding_targets-6O56.pdb____CCc1cc(N2CCN(C(=O)C3CCCN(C(=O)NC(C)C)C3)CC2)c2ccccc2n1/rank1_confidence-1.70.sdf' -> '/trinity/home/skatz/PROJECTS/ChemSpaceAL-slurm/results/fullIter/4_Scoring/binding_poses/model7_al0_ch1/complex0.sdf'

During handling of the above exception, another exception occurred:

Traceback (most recent call last):
  File "/trinity/home/skatz/PROJECTS/ChemSpaceAL-slurm/scripts/41_docking_scoring_iter.py", line 33, in <module>
    get_top_poses(
  File "/trinity/home/skatz/PROJECTS/ChemSpaceAL-slurm/scripts/Docking_v2.py", line 99, in get_top_poses
    shutil.move(
  File "/trinity/home/skatz/miniconda3/envs/env_chemspace_slurm_v2/lib/python3.11/shutil.py", line 873, in move
    copy_function(src, real_dst)
  File "/trinity/home/skatz/miniconda3/envs/env_chemspace_slurm_v2/lib/python3.11/shutil.py", line 448, in copy2
    copyfile(src, dst, follow_symlinks=follow_symlinks)
  File "/trinity/home/skatz/miniconda3/envs/env_chemspace_slurm_v2/lib/python3.11/shutil.py", line 258, in copyfile
    with open(dst, 'wb') as fdst:
         ^^^^^^^^^^^^^^^
FileNotFoundError: [Errno 2] No such file or directory: '/trinity/home/skatz/PROJECTS/ChemSpaceAL-slurm/results/fullIter/4_Scoring/binding_poses/model7_al0_ch1/complex0.sdf'
